<?xml version="1.0" encoding="utf-8"?><testsuites name="pytest tests"><testsuite name="pytest" errors="0" failures="0" skipped="0" tests="18" time="8.731" timestamp="2026-02-17T09:21:21.960916+00:00" hostname="agent-env-3ebcf80a-c817-4c84-9769-e58b6cceed7c"><testcase classname="backend.tests.test_new_features.TestAuthentication" name="test_login_success" time="0.440" /><testcase classname="backend.tests.test_new_features.TestAuthentication" name="test_get_current_user" time="0.454" /><testcase classname="backend.tests.test_new_features.TestStrategies" name="test_list_strategies" time="0.398" /><testcase classname="backend.tests.test_new_features.TestStrategies" name="test_create_strategy" time="0.050" /><testcase classname="backend.tests.test_new_features.TestBacktestEngine" name="test_get_available_indicators" time="0.453" /><testcase classname="backend.tests.test_new_features.TestBacktestEngine" name="test_list_backtests" time="0.080" /><testcase classname="backend.tests.test_new_features.TestBacktestEngine" name="test_run_backtest_with_strategy" time="0.456" /><testcase classname="backend.tests.test_new_features.TestDeployments" name="test_list_deployments" time="0.473" /><testcase classname="backend.tests.test_new_features.TestDeployments" name="test_create_deployment" time="0.172" /><testcase classname="backend.tests.test_new_features.TestDeployments" name="test_get_deployment_details" time="0.140" /><testcase classname="backend.tests.test_new_features.TestDeployments" name="test_check_signals" time="0.243" /><testcase classname="backend.tests.test_new_features.TestDeployments" name="test_deployment_control" time="0.193" /><testcase classname="backend.tests.test_new_features.TestNewsSentiment" name="test_get_news_feed" time="0.410" /><testcase classname="backend.tests.test_new_features.TestNewsSentiment" name="test_get_symbol_news" time="0.053" /><testcase classname="backend.tests.test_new_features.TestNewsSentiment" name="test_analyze_sentiment" time="3.860" /><testcase classname="backend.tests.test_new_features.TestNewsSentiment" name="test_get_symbol_sentiment_aggregate" time="0.055" /><testcase classname="backend.tests.test_new_features.TestMarketData" name="test_get_latest_prices" time="0.552" /><testcase classname="backend.tests.test_new_features.TestMarketData" name="test_get_symbols" time="0.122" /></testsuite></testsuites>