<?xml version="1.0" encoding="utf-8"?><testsuites name="pytest tests"><testsuite name="pytest" errors="0" failures="1" skipped="0" tests="18" time="8.692" timestamp="2026-02-17T09:17:38.121223+00:00" hostname="agent-env-3ebcf80a-c817-4c84-9769-e58b6cceed7c"><testcase classname="backend.tests.test_new_features.TestAuthentication" name="test_login_success" time="0.426" /><testcase classname="backend.tests.test_new_features.TestAuthentication" name="test_get_current_user" time="0.447" /><testcase classname="backend.tests.test_new_features.TestStrategies" name="test_list_strategies" time="0.383" /><testcase classname="backend.tests.test_new_features.TestStrategies" name="test_create_strategy" time="0.077" /><testcase classname="backend.tests.test_new_features.TestBacktestEngine" name="test_get_available_indicators" time="0.395" /><testcase classname="backend.tests.test_new_features.TestBacktestEngine" name="test_list_backtests" time="0.050" /><testcase classname="backend.tests.test_new_features.TestBacktestEngine" name="test_run_backtest_with_strategy" time="0.300" /><testcase classname="backend.tests.test_new_features.TestDeployments" name="test_list_deployments" time="0.371" /><testcase classname="backend.tests.test_new_features.TestDeployments" name="test_create_deployment" time="0.096" /><testcase classname="backend.tests.test_new_features.TestDeployments" name="test_get_deployment_details" time="0.094" /><testcase classname="backend.tests.test_new_features.TestDeployments" name="test_check_signals" time="0.203" /><testcase classname="backend.tests.test_new_features.TestDeployments" name="test_deployment_control" time="0.137" /><testcase classname="backend.tests.test_new_features.TestNewsSentiment" name="test_get_news_feed" time="0.505" /><testcase classname="backend.tests.test_new_features.TestNewsSentiment" name="test_get_symbol_news" time="0.051" /><testcase classname="backend.tests.test_new_features.TestNewsSentiment" name="test_analyze_sentiment" time="4.414" /><testcase classname="backend.tests.test_new_features.TestNewsSentiment" name="test_get_symbol_sentiment_aggregate" time="0.080" /><testcase classname="backend.tests.test_new_features.TestMarketData" name="test_get_latest_prices" time="0.432" /><testcase classname="backend.tests.test_new_features.TestMarketData" name="test_get_symbols" time="0.082"><failure message="AssertionError: assert False&#10; +  where False = isinstance({'symbols': ['BTCUSD', 'ETHUSD', 'AAPL', 'TSLA', 'SPY'], 'timeframes': ['5m', '15m', '1h', '1d']}, list)">backend/tests/test_new_features.py:449: in test_get_symbols
    assert isinstance(data, list)
E   AssertionError: assert False
E    +  where False = isinstance({'symbols': ['BTCUSD', 'ETHUSD', 'AAPL', 'TSLA', 'SPY'], 'timeframes': ['5m', '15m', '1h', '1d']}, list)</failure></testcase></testsuite></testsuites>