<?xml version="1.0" encoding="utf-8"?><testsuites name="pytest tests"><testsuite name="pytest" errors="0" failures="0" skipped="0" tests="18" time="7.163" timestamp="2026-02-20T15:26:58.485909+00:00" hostname="agent-env-dbf8f5dd-a6bc-4445-89ef-321b95d6dee4"><testcase classname="backend.tests.test_ml_admin_news.TestMLBotBuilder" name="test_get_templates" time="0.668" /><testcase classname="backend.tests.test_ml_admin_news.TestMLBotBuilder" name="test_get_features" time="0.106" /><testcase classname="backend.tests.test_ml_admin_news.TestMLBotBuilder" name="test_list_models" time="0.066" /><testcase classname="backend.tests.test_ml_admin_news.TestAdminTerminal" name="test_admin_dashboard" time="0.410" /><testcase classname="backend.tests.test_ml_admin_news.TestAdminTerminal" name="test_list_users" time="0.095" /><testcase classname="backend.tests.test_ml_admin_news.TestAdminTerminal" name="test_monitoring_activity" time="0.067" /><testcase classname="backend.tests.test_ml_admin_news.TestAdminTerminal" name="test_active_deployments" time="0.063" /><testcase classname="backend.tests.test_ml_admin_news.TestNewsSentiment" name="test_news_feed" time="0.866" /><testcase classname="backend.tests.test_ml_admin_news.TestNewsSentiment" name="test_symbol_news" time="0.666" /><testcase classname="backend.tests.test_ml_admin_news.TestNewsSentiment" name="test_market_news" time="0.421" /><testcase classname="backend.tests.test_ml_admin_news.TestNewsSentiment" name="test_analyze_sentiment" time="0.774" /><testcase classname="backend.tests.test_ml_admin_news.TestNewsSentiment" name="test_sentiment_aggregate" time="0.081" /><testcase classname="backend.tests.test_ml_admin_news.TestNewsSentiment" name="test_trending_topics" time="0.067" /><testcase classname="backend.tests.test_ml_admin_news.TestMarketData" name="test_latest_prices" time="0.433" /><testcase classname="backend.tests.test_ml_admin_news.TestMarketData" name="test_symbol_price" time="0.418" /><testcase classname="backend.tests.test_ml_admin_news.TestMarketData" name="test_nifty50" time="1.736" /><testcase classname="backend.tests.test_ml_admin_news.TestMarketData" name="test_symbols" time="0.090" /><testcase classname="backend.tests.test_ml_admin_news.TestMarketData" name="test_sectors" time="0.075" /></testsuite></testsuites>